# JRE version: OpenJDK Runtime Environment (21.0.6) (build 21.0.6+-13368085-b895.109)
# Java VM: OpenJDK 64-Bit Server VM (21.0.6+-13368085-b895.109, mixed mode, tiered, compressed oops, compressed class ptrs, g1 gc, windows-amd64)
GC Precious Log:
 CardTable entry size: 512
 Card Set container configuration: InlinePtr #cards 5 size 8 Array Of Cards #cards 12 size 40 Howl #buckets 4 coarsen threshold 1843 Howl Bitmap #cards 512 size 80 coarsen threshold 460 Card regions per heap region 1 cards per card region 2048
 CPUs: 4 total, 4 available
 Memory: 8066M
 Large Page Support: Disabled
 NUMA Support: Disabled
 Compressed Oops: Enabled (32-bit)
 Heap Region Size: 1M
 Heap Min Capacity: 8M
 Heap Initial Capacity: 128M
 Heap Max Capacity: 2G
 Pre-touch: Disabled
 Parallel Workers: 4
 Concurrent Workers: 1
 Concurrent Refinement Workers: 4
 Periodic GC: Disabled
Heap:
 garbage-first heap   total 432128K, used 210357K [0x0000000080000000, 0x0000000100000000)
  region size 1024K, 7 young (7168K), 7 survivors (7168K)
 Metaspace       used 65608K, committed 67072K, reserved 1114112K
  class space    used 8819K, committed 9536K, reserved 1048576K
GC Heap History (20 events):
Event: 21.170 GC heap after
{Heap after GC invocations=61 (full 0):
 garbage-first heap   total 216064K, used 152576K [0x0000000080000000, 0x0000000100000000)
  region size 1024K, 8 young (8192K), 8 survivors (8192K)
 Metaspace       used 65266K, committed 66752K, reserved 1114112K
  class space    used 8815K, committed 9536K, reserved 1048576K
}
Event: 21.369 GC heap before
{Heap before GC invocations=61 (full 0):
 garbage-first heap   total 216064K, used 179200K [0x0000000080000000, 0x0000000100000000)
  region size 1024K, 35 young (35840K), 8 survivors (8192K)
 Metaspace       used 65302K, committed 66816K, reserved 1114112K
  class space    used 8815K, committed 9536K, reserved 1048576K
}
Event: 21.394 GC heap after
{Heap after GC invocations=62 (full 0):
 garbage-first heap   total 432128K, used 163840K [0x0000000080000000, 0x0000000100000000)
  region size 1024K, 5 young (5120K), 5 survivors (5120K)
 Metaspace       used 65302K, committed 66816K, reserved 1114112K
  class space    used 8815K, committed 9536K, reserved 1048576K
}
Event: 22.287 GC heap before
{Heap before GC invocations=62 (full 0):
 garbage-first heap   total 432128K, used 287744K [0x0000000080000000, 0x0000000100000000)
  region size 1024K, 127 young (130048K), 5 survivors (5120K)
 Metaspace       used 65532K, committed 67008K, reserved 1114112K
  class space    used 8817K, committed 9536K, reserved 1048576K
}
Event: 22.301 GC heap after
{Heap after GC invocations=63 (full 0):
 garbage-first heap   total 432128K, used 168960K [0x0000000080000000, 0x0000000100000000)
  region size 1024K, 10 young (10240K), 10 survivors (10240K)
 Metaspace       used 65532K, committed 67008K, reserved 1114112K
  class space    used 8817K, committed 9536K, reserved 1048576K
}
Event: 22.422 GC heap before
{Heap before GC invocations=63 (full 0):
 garbage-first heap   total 432128K, used 202752K [0x0000000080000000, 0x0000000100000000)
  region size 1024K, 45 young (46080K), 10 survivors (10240K)
 Metaspace       used 65557K, committed 67072K, reserved 1114112K
  class space    used 8817K, committed 9536K, reserved 1048576K
}
Event: 22.439 GC heap after
{Heap after GC invocations=64 (full 0):
 garbage-first heap   total 432128K, used 179440K [0x0000000080000000, 0x0000000100000000)
  region size 1024K, 20 young (20480K), 20 survivors (20480K)
 Metaspace       used 65557K, committed 67072K, reserved 1114112K
  class space    used 8817K, committed 9536K, reserved 1048576K
}
Event: 22.962 GC heap before
{Heap before GC invocations=65 (full 0):
 garbage-first heap   total 432128K, used 304368K [0x0000000080000000, 0x0000000100000000)
  region size 1024K, 158 young (161792K), 20 survivors (20480K)
 Metaspace       used 65570K, committed 67072K, reserved 1114112K
  class space    used 8817K, committed 9536K, reserved 1048576K
}
Event: 23.012 GC heap after
{Heap after GC invocations=66 (full 0):
 garbage-first heap   total 432128K, used 196084K [0x0000000080000000, 0x0000000100000000)
  region size 1024K, 20 young (20480K), 20 survivors (20480K)
 Metaspace       used 65570K, committed 67072K, reserved 1114112K
  class space    used 8817K, committed 9536K, reserved 1048576K
}
Event: 23.427 GC heap before
{Heap before GC invocations=66 (full 0):
 garbage-first heap   total 432128K, used 339444K [0x0000000080000000, 0x0000000100000000)
  region size 1024K, 150 young (153600K), 20 survivors (20480K)
 Metaspace       used 65590K, committed 67072K, reserved 1114112K
  class space    used 8817K, committed 9536K, reserved 1048576K
}
Event: 23.477 GC heap after
{Heap after GC invocations=67 (full 0):
 garbage-first heap   total 432128K, used 240640K [0x0000000080000000, 0x0000000100000000)
  region size 1024K, 19 young (19456K), 19 survivors (19456K)
 Metaspace       used 65590K, committed 67072K, reserved 1114112K
  class space    used 8817K, committed 9536K, reserved 1048576K
}
Event: 23.736 GC heap before
{Heap before GC invocations=67 (full 0):
 garbage-first heap   total 432128K, used 346112K [0x0000000080000000, 0x0000000100000000)
  region size 1024K, 122 young (124928K), 19 survivors (19456K)
 Metaspace       used 65591K, committed 67072K, reserved 1114112K
  class space    used 8817K, committed 9536K, reserved 1048576K
}
Event: 23.756 GC heap after
{Heap after GC invocations=68 (full 0):
 garbage-first heap   total 432128K, used 244224K [0x0000000080000000, 0x0000000100000000)
  region size 1024K, 3 young (3072K), 3 survivors (3072K)
 Metaspace       used 65591K, committed 67072K, reserved 1114112K
  class space    used 8817K, committed 9536K, reserved 1048576K
}
Event: 24.048 GC heap before
{Heap before GC invocations=68 (full 0):
 garbage-first heap   total 432128K, used 340480K [0x0000000080000000, 0x0000000100000000)
  region size 1024K, 113 young (115712K), 3 survivors (3072K)
 Metaspace       used 65605K, committed 67072K, reserved 1114112K
  class space    used 8819K, committed 9536K, reserved 1048576K
}
Event: 24.051 GC heap after
{Heap after GC invocations=69 (full 0):
 garbage-first heap   total 432128K, used 227670K [0x0000000080000000, 0x0000000100000000)
  region size 1024K, 3 young (3072K), 3 survivors (3072K)
 Metaspace       used 65605K, committed 67072K, reserved 1114112K
  class space    used 8819K, committed 9536K, reserved 1048576K
}
Event: 24.361 GC heap before
{Heap before GC invocations=70 (full 0):
 garbage-first heap   total 432128K, used 357718K [0x0000000080000000, 0x0000000100000000)
  region size 1024K, 130 young (133120K), 3 survivors (3072K)
 Metaspace       used 65605K, committed 67072K, reserved 1114112K
  class space    used 8819K, committed 9536K, reserved 1048576K
}
Event: 24.366 GC heap after
{Heap after GC invocations=71 (full 0):
 garbage-first heap   total 432128K, used 228864K [0x0000000080000000, 0x0000000100000000)
  region size 1024K, 4 young (4096K), 4 survivors (4096K)
 Metaspace       used 65605K, committed 67072K, reserved 1114112K
  class space    used 8819K, committed 9536K, reserved 1048576K
}
Event: 24.672 GC heap before
{Heap before GC invocations=71 (full 0):
 garbage-first heap   total 432128K, used 373248K [0x0000000080000000, 0x0000000100000000)
  region size 1024K, 145 young (148480K), 4 survivors (4096K)
 Metaspace       used 65606K, committed 67072K, reserved 1114112K
  class space    used 8819K, committed 9536K, reserved 1048576K
}
Event: 24.686 GC heap after
{Heap after GC invocations=72 (full 0):
 garbage-first heap   total 432128K, used 209333K [0x0000000080000000, 0x0000000100000000)
  region size 1024K, 6 young (6144K), 6 survivors (6144K)
 Metaspace       used 65606K, committed 67072K, reserved 1114112K
  class space    used 8819K, committed 9536K, reserved 1048576K
}
Event: 25.203 GC heap before
{Heap before GC invocations=72 (full 0):
 garbage-first heap   total 432128K, used 382389K [0x0000000080000000, 0x0000000100000000)
  region size 1024K, 175 young (179200K), 6 survivors (6144K)
 Metaspace       used 65608K, committed 67072K, reserved 1114112K
  class space    used 8819K, committed 9536K, reserved 1048576K
}

