# JRE version: OpenJDK Runtime Environment (21.0.6) (build 21.0.6+-13368085-b895.109)
# Java VM: OpenJDK 64-Bit Server VM (21.0.6+-13368085-b895.109, mixed mode, tiered, compressed oops, compressed class ptrs, g1 gc, windows-amd64)
GC Precious Log:
 CardTable entry size: 512
 Card Set container configuration: InlinePtr #cards 5 size 8 Array Of Cards #cards 12 size 40 Howl #buckets 4 coarsen threshold 1843 Howl Bitmap #cards 512 size 80 coarsen threshold 460 Card regions per heap region 1 cards per card region 2048
 CPUs: 4 total, 4 available
 Memory: 8066M
 Large Page Support: Disabled
 NUMA Support: Disabled
 Compressed Oops: Enabled (32-bit)
 Heap Region Size: 1M
 Heap Min Capacity: 8M
 Heap Initial Capacity: 128M
 Heap Max Capacity: 2G
 Pre-touch: Disabled
 Parallel Workers: 4
 Concurrent Workers: 1
 Concurrent Refinement Workers: 4
 Periodic GC: Disabled
Heap:
 garbage-first heap   total 186368K, used 158180K [0x0000000080000000, 0x0000000100000000)
  region size 1024K, 48 young (49152K), 6 survivors (6144K)
 Metaspace       used 81239K, committed 83264K, reserved 1179648K
  class space    used 10854K, committed 11840K, reserved 1048576K
GC Heap History (20 events):
Event: 70.512 GC heap before
{Heap before GC invocations=23 (full 0):
 garbage-first heap   total 96256K, used 93405K [0x0000000080000000, 0x0000000100000000)
  region size 1024K, 25 young (25600K), 3 survivors (3072K)
 Metaspace       used 58606K, committed 60288K, reserved 1114112K
  class space    used 7820K, committed 8640K, reserved 1048576K
}
Event: 70.520 GC heap after
{Heap after GC invocations=24 (full 0):
 garbage-first heap   total 101376K, used 73540K [0x0000000080000000, 0x0000000100000000)
  region size 1024K, 4 young (4096K), 4 survivors (4096K)
 Metaspace       used 58606K, committed 60288K, reserved 1114112K
  class space    used 7820K, committed 8640K, reserved 1048576K
}
Event: 70.832 GC heap before
{Heap before GC invocations=24 (full 0):
 garbage-first heap   total 101376K, used 90948K [0x0000000080000000, 0x0000000100000000)
  region size 1024K, 21 young (21504K), 4 survivors (4096K)
 Metaspace       used 59450K, committed 61056K, reserved 1114112K
  class space    used 7944K, committed 8768K, reserved 1048576K
}
Event: 70.838 GC heap after
{Heap after GC invocations=25 (full 0):
 garbage-first heap   total 101376K, used 74549K [0x0000000080000000, 0x0000000100000000)
  region size 1024K, 2 young (2048K), 2 survivors (2048K)
 Metaspace       used 59450K, committed 61056K, reserved 1114112K
  class space    used 7944K, committed 8768K, reserved 1048576K
}
Event: 71.199 GC heap before
{Heap before GC invocations=25 (full 0):
 garbage-first heap   total 101376K, used 92981K [0x0000000080000000, 0x0000000100000000)
  region size 1024K, 20 young (20480K), 2 survivors (2048K)
 Metaspace       used 61173K, committed 62912K, reserved 1114112K
  class space    used 8248K, committed 9088K, reserved 1048576K
}
Event: 71.203 GC heap after
{Heap after GC invocations=26 (full 0):
 garbage-first heap   total 101376K, used 75942K [0x0000000080000000, 0x0000000100000000)
  region size 1024K, 2 young (2048K), 2 survivors (2048K)
 Metaspace       used 61173K, committed 62912K, reserved 1114112K
  class space    used 8248K, committed 9088K, reserved 1048576K
}
Event: 71.462 GC heap before
{Heap before GC invocations=27 (full 0):
 garbage-first heap   total 128000K, used 91302K [0x0000000080000000, 0x0000000100000000)
  region size 1024K, 17 young (17408K), 2 survivors (2048K)
 Metaspace       used 63104K, committed 64768K, reserved 1114112K
  class space    used 8523K, committed 9344K, reserved 1048576K
}
Event: 71.464 GC heap after
{Heap after GC invocations=28 (full 0):
 garbage-first heap   total 128000K, used 76609K [0x0000000080000000, 0x0000000100000000)
  region size 1024K, 1 young (1024K), 1 survivors (1024K)
 Metaspace       used 63104K, committed 64768K, reserved 1114112K
  class space    used 8523K, committed 9344K, reserved 1048576K
}
Event: 72.199 GC heap before
{Heap before GC invocations=28 (full 0):
 garbage-first heap   total 128000K, used 113473K [0x0000000080000000, 0x0000000100000000)
  region size 1024K, 38 young (38912K), 1 survivors (1024K)
 Metaspace       used 66820K, committed 68608K, reserved 1114112K
  class space    used 9109K, committed 9984K, reserved 1048576K
}
Event: 72.204 GC heap after
{Heap after GC invocations=29 (full 0):
 garbage-first heap   total 153600K, used 79199K [0x0000000080000000, 0x0000000100000000)
  region size 1024K, 4 young (4096K), 4 survivors (4096K)
 Metaspace       used 66820K, committed 68608K, reserved 1114112K
  class space    used 9109K, committed 9984K, reserved 1048576K
}
Event: 73.677 GC heap before
{Heap before GC invocations=29 (full 0):
 garbage-first heap   total 153600K, used 133471K [0x0000000080000000, 0x0000000100000000)
  region size 1024K, 58 young (59392K), 4 survivors (4096K)
 Metaspace       used 67752K, committed 69504K, reserved 1114112K
  class space    used 9142K, committed 9984K, reserved 1048576K
}
Event: 73.684 GC heap after
{Heap after GC invocations=30 (full 0):
 garbage-first heap   total 153600K, used 83506K [0x0000000080000000, 0x0000000100000000)
  region size 1024K, 8 young (8192K), 8 survivors (8192K)
 Metaspace       used 67752K, committed 69504K, reserved 1114112K
  class space    used 9142K, committed 9984K, reserved 1048576K
}
Event: 75.158 GC heap before
{Heap before GC invocations=31 (full 0):
 garbage-first heap   total 153600K, used 135730K [0x0000000080000000, 0x0000000100000000)
  region size 1024K, 60 young (61440K), 8 survivors (8192K)
 Metaspace       used 67760K, committed 69504K, reserved 1114112K
  class space    used 9143K, committed 9984K, reserved 1048576K
}
Event: 75.166 GC heap after
{Heap after GC invocations=32 (full 0):
 garbage-first heap   total 153600K, used 85851K [0x0000000080000000, 0x0000000100000000)
  region size 1024K, 3 young (3072K), 3 survivors (3072K)
 Metaspace       used 67760K, committed 69504K, reserved 1114112K
  class space    used 9143K, committed 9984K, reserved 1048576K
}
Event: 75.810 GC heap before
{Heap before GC invocations=32 (full 0):
 garbage-first heap   total 153600K, used 152411K [0x0000000080000000, 0x0000000100000000)
  region size 1024K, 53 young (54272K), 3 survivors (3072K)
 Metaspace       used 69372K, committed 71168K, reserved 1114112K
  class space    used 9344K, committed 10240K, reserved 1048576K
}
Event: 75.817 GC heap after
{Heap after GC invocations=33 (full 0):
 garbage-first heap   total 165888K, used 108544K [0x0000000080000000, 0x0000000100000000)
  region size 1024K, 7 young (7168K), 7 survivors (7168K)
 Metaspace       used 69372K, committed 71168K, reserved 1114112K
  class space    used 9344K, committed 10240K, reserved 1048576K
}
Event: 76.763 GC heap before
{Heap before GC invocations=33 (full 0):
 garbage-first heap   total 165888K, used 149504K [0x0000000080000000, 0x0000000100000000)
  region size 1024K, 47 young (48128K), 7 survivors (7168K)
 Metaspace       used 73893K, committed 75776K, reserved 1114112K
  class space    used 9854K, committed 10752K, reserved 1048576K
}
Event: 76.766 GC heap after
{Heap after GC invocations=34 (full 0):
 garbage-first heap   total 165888K, used 110501K [0x0000000080000000, 0x0000000100000000)
  region size 1024K, 2 young (2048K), 2 survivors (2048K)
 Metaspace       used 73893K, committed 75776K, reserved 1114112K
  class space    used 9854K, committed 10752K, reserved 1048576K
}
Event: 78.823 GC heap before
{Heap before GC invocations=35 (full 0):
 garbage-first heap   total 186368K, used 157605K [0x0000000080000000, 0x0000000100000000)
  region size 1024K, 43 young (44032K), 2 survivors (2048K)
 Metaspace       used 77783K, committed 79680K, reserved 1179648K
  class space    used 10416K, committed 11328K, reserved 1048576K
}
Event: 78.830 GC heap after
{Heap after GC invocations=36 (full 0):
 garbage-first heap   total 186368K, used 116196K [0x0000000080000000, 0x0000000100000000)
  region size 1024K, 6 young (6144K), 6 survivors (6144K)
 Metaspace       used 77783K, committed 79680K, reserved 1179648K
  class space    used 10416K, committed 11328K, reserved 1048576K
}

